<?xml version="1.0" encoding="UTF-8"?>
<!-- Generated by org.testng.reporters.JUnitReportReporter -->
<testsuite skipped="2" hostname="DESKTOP-JJM06GP" name="com.training.sanity.tests.Elearning_Tests" tests="3" failures="0" timestamp="23 Nov 2019 18:59:04 GMT" time="45.027" errors="0">
  <testcase name="validLogoutTest" time="45.027" classname="com.training.sanity.tests.Elearning_Tests"/>
  <testcase name="validMyCourseDetails" classname="com.training.sanity.tests.Elearning_Tests">
    <skipped/>
  </testcase> <!-- validMyCourseDetails -->
  <testcase name="validLoginTest" classname="com.training.sanity.tests.Elearning_Tests">
    <skipped/>
  </testcase> <!-- validLoginTest -->
</testsuite> <!-- com.training.sanity.tests.Elearning_Tests -->
