<?xml version="1.0" encoding="UTF-8"?>
<!-- Generated by org.testng.reporters.JUnitReportReporter -->
<testsuite skipped="0" hostname="DESKTOP-JJM06GP" name="simple.Test123" tests="1" failures="0" timestamp="18 Nov 2019 05:16:16 GMT" time="23.729" errors="0">
  <testcase name="magentoLogin" time="23.729" classname="simple.Test123"/>
</testsuite> <!-- simple.Test123 -->
