<?xml version="1.0" encoding="UTF-8"?>
<!-- Generated by org.testng.reporters.JUnitReportReporter -->
<testsuite skipped="2" hostname="DESKTOP-JJM06GP" name="com.training.sanity.tests.Elearning_Simple_Tests" tests="3" failures="0" timestamp="23 Nov 2019 20:21:51 GMT" time="28.580" errors="0">
  <testcase name="validLogoutTest" time="28.580" classname="com.training.sanity.tests.Elearning_Simple_Tests"/>
  <testcase name="validLoginTest" classname="com.training.sanity.tests.Elearning_Simple_Tests">
    <skipped/>
  </testcase> <!-- validLoginTest -->
  <testcase name="validMyCourseDetails" classname="com.training.sanity.tests.Elearning_Simple_Tests">
    <skipped/>
  </testcase> <!-- validMyCourseDetails -->
</testsuite> <!-- com.training.sanity.tests.Elearning_Simple_Tests -->
