<?xml version="1.0" encoding="UTF-8"?>
<!-- Generated by org.testng.reporters.JUnitReportReporter -->
<testsuite skipped="0" hostname="DESKTOP-JJM06GP" name="com.training.sanity.tests.Elearning_LoginTests" tests="1" failures="0" timestamp="23 Nov 2019 07:48:01 GMT" time="36.659" errors="0">
  <testcase name="validLoginTest" time="36.659" classname="com.training.sanity.tests.Elearning_LoginTests"/>
</testsuite> <!-- com.training.sanity.tests.Elearning_LoginTests -->
